<?xml version="1.0" encoding="UTF-8"?>
<testsuite name="SillyTest" tests="5" skipped="0" failures="2" errors="0" timestamp="2022-09-25T03:57:04" hostname="PC17066" time="0.019">
  <properties/>
  <testcase name="testTask1" classname="SillyTest" time="0.002"/>
  <testcase name="testTask2" classname="SillyTest" time="0.004">
    <failure message="org.junit.ComparisonFailure: expected:&lt;... calls will return [[0], 1, 2, 3]&gt; but was:&lt;... calls will return [[1], 1, 2, 3]&gt;" type="org.junit.ComparisonFailure">org.junit.ComparisonFailure: expected:&lt;... calls will return [[0], 1, 2, 3]&gt; but was:&lt;... calls will return [[1], 1, 2, 3]&gt;
	at org.junit.Assert.assertEquals(Assert.java:117)
	at org.junit.Assert.assertEquals(Assert.java:146)
	at SillyTest.testTask2(SillyTest.java:51)
	at java.base/jdk.internal.reflect.NativeMethodAccessorImpl.invoke0(Native Method)
	at java.base/jdk.internal.reflect.NativeMethodAccessorImpl.invoke(NativeMethodAccessorImpl.java:77)
	at java.base/jdk.internal.reflect.DelegatingMethodAccessorImpl.invoke(DelegatingMethodAccessorImpl.java:43)
	at java.base/java.lang.reflect.Method.invoke(Method.java:568)
	at org.junit.runners.model.FrameworkMethod$1.runReflectiveCall(FrameworkMethod.java:59)
	at org.junit.internal.runners.model.ReflectiveCallable.run(ReflectiveCallable.java:12)
	at org.junit.runners.model.FrameworkMethod.invokeExplosively(FrameworkMethod.java:56)
	at org.junit.internal.runners.statements.InvokeMethod.evaluate(InvokeMethod.java:17)
	at org.junit.internal.runners.statements.FailOnTimeout$CallableStatement.call(FailOnTimeout.java:288)
	at org.junit.internal.runners.statements.FailOnTimeout$CallableStatement.call(FailOnTimeout.java:282)
	at java.base/java.util.concurrent.FutureTask.run(FutureTask.java:264)
	at java.base/java.lang.Thread.run(Thread.java:833)
</failure>
  </testcase>
  <testcase name="testTask3" classname="SillyTest" time="0.003"/>
  <testcase name="testTask4" classname="SillyTest" time="0.01">
    <failure message="java.lang.StackOverflowError" type="java.lang.StackOverflowError">java.lang.StackOverflowError
	at Silly.equals(Silly.java:168)
	at Silly.equals(Silly.java:168)
	at Silly.equals(Silly.java:168)
	at Silly.equals(Silly.java:168)
	at Silly.equals(Silly.java:168)
	at Silly.equals(Silly.java:168)
	at Silly.equals(Silly.java:168)
	at Silly.equals(Silly.java:168)
	at Silly.equals(Silly.java:168)
	at Silly.equals(Silly.java:168)
	at Silly.equals(Silly.java:168)
	at Silly.equals(Silly.java:168)
	at Silly.equals(Silly.java:168)
	at Silly.equals(Silly.java:168)
	at Silly.equals(Silly.java:168)
	at Silly.equals(Silly.java:168)
	at Silly.equals(Silly.java:168)
	at Silly.equals(Silly.java:168)
	at Silly.equals(Silly.java:168)
	at Silly.equals(Silly.java:168)
	at Silly.equals(Silly.java:168)
	at Silly.equals(Silly.java:168)
	at Silly.equals(Silly.java:168)
	at Silly.equals(Silly.java:168)
	at Silly.equals(Silly.java:168)
	at Silly.equals(Silly.java:168)
	at Silly.equals(Silly.java:168)
	at Silly.equals(Silly.java:168)
	at Silly.equals(Silly.java:168)
	at Silly.equals(Silly.java:168)
	at Silly.equals(Silly.java:168)
	at Silly.equals(Silly.java:168)
	at Silly.equals(Silly.java:168)
	at Silly.equals(Silly.java:168)
	at Silly.equals(Silly.java:168)
	at Silly.equals(Silly.java:168)
	at Silly.equals(Silly.java:168)
	at Silly.equals(Silly.java:168)
	at Silly.equals(Silly.java:168)
	at Silly.equals(Silly.java:168)
	at Silly.equals(Silly.java:168)
	at Silly.equals(Silly.java:168)
	at Silly.equals(Silly.java:168)
	at Silly.equals(Silly.java:168)
	at Silly.equals(Silly.java:168)
	at Silly.equals(Silly.java:168)
	at Silly.equals(Silly.java:168)
	at Silly.equals(Silly.java:168)
	at Silly.equals(Silly.java:168)
	at Silly.equals(Silly.java:168)
	at Silly.equals(Silly.java:168)
	at Silly.equals(Silly.java:168)
	at Silly.equals(Silly.java:168)
	at Silly.equals(Silly.java:168)
	at Silly.equals(Silly.java:168)
	at Silly.equals(Silly.java:168)
	at Silly.equals(Silly.java:168)
	at Silly.equals(Silly.java:168)
	at Silly.equals(Silly.java:168)
	at Silly.equals(Silly.java:168)
	at Silly.equals(Silly.java:168)
	at Silly.equals(Silly.java:168)
	at Silly.equals(Silly.java:168)
	at Silly.equals(Silly.java:168)
	at Silly.equals(Silly.java:168)
	at Silly.equals(Silly.java:168)
	at Silly.equals(Silly.java:168)
	at Silly.equals(Silly.java:168)
	at Silly.equals(Silly.java:168)
	at Silly.equals(Silly.java:168)
	at Silly.equals(Silly.java:168)
	at Silly.equals(Silly.java:168)
	at Silly.equals(Silly.java:168)
	at Silly.equals(Silly.java:168)
	at Silly.equals(Silly.java:168)
	at Silly.equals(Silly.java:168)
	at Silly.equals(Silly.java:168)
	at Silly.equals(Silly.java:168)
	at Silly.equals(Silly.java:168)
	at Silly.equals(Silly.java:168)
	at Silly.equals(Silly.java:168)
	at Silly.equals(Silly.java:168)
	at Silly.equals(Silly.java:168)
	at Silly.equals(Silly.java:168)
	at Silly.equals(Silly.java:168)
	at Silly.equals(Silly.java:168)
	at Silly.equals(Silly.java:168)
	at Silly.equals(Silly.java:168)
	at Silly.equals(Silly.java:168)
	at Silly.equals(Silly.java:168)
	at Silly.equals(Silly.java:168)
	at Silly.equals(Silly.java:168)
	at Silly.equals(Silly.java:168)
	at Silly.equals(Silly.java:168)
	at Silly.equals(Silly.java:168)
	at Silly.equals(Silly.java:168)
	at Silly.equals(Silly.java:168)
	at Silly.equals(Silly.java:168)
	at Silly.equals(Silly.java:168)
	at Silly.equals(Silly.java:168)
	at Silly.equals(Silly.java:168)
	at Silly.equals(Silly.java:168)
	at Silly.equals(Silly.java:168)
	at Silly.equals(Silly.java:168)
	at Silly.equals(Silly.java:168)
	at Silly.equals(Silly.java:168)
	at Silly.equals(Silly.java:168)
	at Silly.equals(Silly.java:168)
	at Silly.equals(Silly.java:168)
	at Silly.equals(Silly.java:168)
	at Silly.equals(Silly.java:168)
	at Silly.equals(Silly.java:168)
	at Silly.equals(Silly.java:168)
	at Silly.equals(Silly.java:168)
	at Silly.equals(Silly.java:168)
	at Silly.equals(Silly.java:168)
	at Silly.equals(Silly.java:168)
	at Silly.equals(Silly.java:168)
	at Silly.equals(Silly.java:168)
	at Silly.equals(Silly.java:168)
	at Silly.equals(Silly.java:168)
	at Silly.equals(Silly.java:168)
	at Silly.equals(Silly.java:168)
	at Silly.equals(Silly.java:168)
	at Silly.equals(Silly.java:168)
	at Silly.equals(Silly.java:168)
	at Silly.equals(Silly.java:168)
	at Silly.equals(Silly.java:168)
	at Silly.equals(Silly.java:168)
	at Silly.equals(Silly.java:168)
	at Silly.equals(Silly.java:168)
	at Silly.equals(Silly.java:168)
	at Silly.equals(Silly.java:168)
	at Silly.equals(Silly.java:168)
	at Silly.equals(Silly.java:168)
	at Silly.equals(Silly.java:168)
	at Silly.equals(Silly.java:168)
	at Silly.equals(Silly.java:168)
	at Silly.equals(Silly.java:168)
	at Silly.equals(Silly.java:168)
	at Silly.equals(Silly.java:168)
	at Silly.equals(Silly.java:168)
	at Silly.equals(Silly.java:168)
	at Silly.equals(Silly.java:168)
	at Silly.equals(Silly.java:168)
	at Silly.equals(Silly.java:168)
	at Silly.equals(Silly.java:168)
	at Silly.equals(Silly.java:168)
	at Silly.equals(Silly.java:168)
	at Silly.equals(Silly.java:168)
	at Silly.equals(Silly.java:168)
	at Silly.equals(Silly.java:168)
	at Silly.equals(Silly.java:168)
	at Silly.equals(Silly.java:168)
	at Silly.equals(Silly.java:168)
	at Silly.equals(Silly.java:168)
	at Silly.equals(Silly.java:168)
	at Silly.equals(Silly.java:168)
	at Silly.equals(Silly.java:168)
	at Silly.equals(Silly.java:168)
	at Silly.equals(Silly.java:168)
	at Silly.equals(Silly.java:168)
	at Silly.equals(Silly.java:168)
	at Silly.equals(Silly.java:168)
	at Silly.equals(Silly.java:168)
	at Silly.equals(Silly.java:168)
	at Silly.equals(Silly.java:168)
	at Silly.equals(Silly.java:168)
	at Silly.equals(Silly.java:168)
	at Silly.equals(Silly.java:168)
	at Silly.equals(Silly.java:168)
	at Silly.equals(Silly.java:168)
	at Silly.equals(Silly.java:168)
	at Silly.equals(Silly.java:168)
	at Silly.equals(Silly.java:168)
	at Silly.equals(Silly.java:168)
	at Silly.equals(Silly.java:168)
	at Silly.equals(Silly.java:168)
	at Silly.equals(Silly.java:168)
	at Silly.equals(Silly.java:168)
	at Silly.equals(Silly.java:168)
	at Silly.equals(Silly.java:168)
	at Silly.equals(Silly.java:168)
	at Silly.equals(Silly.java:168)
	at Silly.equals(Silly.java:168)
	at Silly.equals(Silly.java:168)
	at Silly.equals(Silly.java:168)
	at Silly.equals(Silly.java:168)
	at Silly.equals(Silly.java:168)
	at Silly.equals(Silly.java:168)
	at Silly.equals(Silly.java:168)
	at Silly.equals(Silly.java:168)
	at Silly.equals(Silly.java:168)
	at Silly.equals(Silly.java:168)
	at Silly.equals(Silly.java:168)
	at Silly.equals(Silly.java:168)
	at Silly.equals(Silly.java:168)
	at Silly.equals(Silly.java:168)
	at Silly.equals(Silly.java:168)
	at Silly.equals(Silly.java:168)
	at Silly.equals(Silly.java:168)
	at Silly.equals(Silly.java:168)
	at Silly.equals(Silly.java:168)
	at Silly.equals(Silly.java:168)
	at Silly.equals(Silly.java:168)
	at Silly.equals(Silly.java:168)
	at Silly.equals(Silly.java:168)
	at Silly.equals(Silly.java:168)
	at Silly.equals(Silly.java:168)
	at Silly.equals(Silly.java:168)
	at Silly.equals(Silly.java:168)
	at Silly.equals(Silly.java:168)
	at Silly.equals(Silly.java:168)
	at Silly.equals(Silly.java:168)
	at Silly.equals(Silly.java:168)
	at Silly.equals(Silly.java:168)
	at Silly.equals(Silly.java:168)
	at Silly.equals(Silly.java:168)
	at Silly.equals(Silly.java:168)
	at Silly.equals(Silly.java:168)
	at Silly.equals(Silly.java:168)
	at Silly.equals(Silly.java:168)
	at Silly.equals(Silly.java:168)
	at Silly.equals(Silly.java:168)
	at Silly.equals(Silly.java:168)
	at Silly.equals(Silly.java:168)
	at Silly.equals(Silly.java:168)
	at Silly.equals(Silly.java:168)
	at Silly.equals(Silly.java:168)
	at Silly.equals(Silly.java:168)
	at Silly.equals(Silly.java:168)
	at Silly.equals(Silly.java:168)
	at Silly.equals(Silly.java:168)
	at Silly.equals(Silly.java:168)
	at Silly.equals(Silly.java:168)
	at Silly.equals(Silly.java:168)
	at Silly.equals(Silly.java:168)
	at Silly.equals(Silly.java:168)
	at Silly.equals(Silly.java:168)
	at Silly.equals(Silly.java:168)
	at Silly.equals(Silly.java:168)
	at Silly.equals(Silly.java:168)
	at Silly.equals(Silly.java:168)
	at Silly.equals(Silly.java:168)
	at Silly.equals(Silly.java:168)
	at Silly.equals(Silly.java:168)
	at Silly.equals(Silly.java:168)
	at Silly.equals(Silly.java:168)
	at Silly.equals(Silly.java:168)
	at Silly.equals(Silly.java:168)
	at Silly.equals(Silly.java:168)
	at Silly.equals(Silly.java:168)
	at Silly.equals(Silly.java:168)
	at Silly.equals(Silly.java:168)
	at Silly.equals(Silly.java:168)
	at Silly.equals(Silly.java:168)
	at Silly.equals(Silly.java:168)
	at Silly.equals(Silly.java:168)
	at Silly.equals(Silly.java:168)
	at Silly.equals(Silly.java:168)
	at Silly.equals(Silly.java:168)
	at Silly.equals(Silly.java:168)
	at Silly.equals(Silly.java:168)
	at Silly.equals(Silly.java:168)
	at Silly.equals(Silly.java:168)
	at Silly.equals(Silly.java:168)
	at Silly.equals(Silly.java:168)
	at Silly.equals(Silly.java:168)
	at Silly.equals(Silly.java:168)
	at Silly.equals(Silly.java:168)
	at Silly.equals(Silly.java:168)
	at Silly.equals(Silly.java:168)
	at Silly.equals(Silly.java:168)
	at Silly.equals(Silly.java:168)
	at Silly.equals(Silly.java:168)
	at Silly.equals(Silly.java:168)
	at Silly.equals(Silly.java:168)
	at Silly.equals(Silly.java:168)
	at Silly.equals(Silly.java:168)
	at Silly.equals(Silly.java:168)
	at Silly.equals(Silly.java:168)
	at Silly.equals(Silly.java:168)
	at Silly.equals(Silly.java:168)
	at Silly.equals(Silly.java:168)
	at Silly.equals(Silly.java:168)
	at Silly.equals(Silly.java:168)
	at Silly.equals(Silly.java:168)
	at Silly.equals(Silly.java:168)
	at Silly.equals(Silly.java:168)
	at Silly.equals(Silly.java:168)
	at Silly.equals(Silly.java:168)
	at Silly.equals(Silly.java:168)
	at Silly.equals(Silly.java:168)
	at Silly.equals(Silly.java:168)
	at Silly.equals(Silly.java:168)
	at Silly.equals(Silly.java:168)
	at Silly.equals(Silly.java:168)
	at Silly.equals(Silly.java:168)
	at Silly.equals(Silly.java:168)
	at Silly.equals(Silly.java:168)
	at Silly.equals(Silly.java:168)
	at Silly.equals(Silly.java:168)
	at Silly.equals(Silly.java:168)
	at Silly.equals(Silly.java:168)
	at Silly.equals(Silly.java:168)
	at Silly.equals(Silly.java:168)
	at Silly.equals(Silly.java:168)
	at Silly.equals(Silly.java:168)
	at Silly.equals(Silly.java:168)
	at Silly.equals(Silly.java:168)
	at Silly.equals(Silly.java:168)
	at Silly.equals(Silly.java:168)
	at Silly.equals(Silly.java:168)
	at Silly.equals(Silly.java:168)
	at Silly.equals(Silly.java:168)
	at Silly.equals(Silly.java:168)
	at Silly.equals(Silly.java:168)
	at Silly.equals(Silly.java:168)
	at Silly.equals(Silly.java:168)
	at Silly.equals(Silly.java:168)
	at Silly.equals(Silly.java:168)
	at Silly.equals(Silly.java:168)
	at Silly.equals(Silly.java:168)
	at Silly.equals(Silly.java:168)
	at Silly.equals(Silly.java:168)
	at Silly.equals(Silly.java:168)
	at Silly.equals(Silly.java:168)
	at Silly.equals(Silly.java:168)
	at Silly.equals(Silly.java:168)
	at Silly.equals(Silly.java:168)
	at Silly.equals(Silly.java:168)
	at Silly.equals(Silly.java:168)
	at Silly.equals(Silly.java:168)
	at Silly.equals(Silly.java:168)
	at Silly.equals(Silly.java:168)
	at Silly.equals(Silly.java:168)
	at Silly.equals(Silly.java:168)
	at Silly.equals(Silly.java:168)
	at Silly.equals(Silly.java:168)
	at Silly.equals(Silly.java:168)
	at Silly.equals(Silly.java:168)
	at Silly.equals(Silly.java:168)
	at Silly.equals(Silly.java:168)
	at Silly.equals(Silly.java:168)
	at Silly.equals(Silly.java:168)
	at Silly.equals(Silly.java:168)
	at Silly.equals(Silly.java:168)
	at Silly.equals(Silly.java:168)
	at Silly.equals(Silly.java:168)
	at Silly.equals(Silly.java:168)
	at Silly.equals(Silly.java:168)
	at Silly.equals(Silly.java:168)
	at Silly.equals(Silly.java:168)
	at Silly.equals(Silly.java:168)
	at Silly.equals(Silly.java:168)
	at Silly.equals(Silly.java:168)
	at Silly.equals(Silly.java:168)
	at Silly.equals(Silly.java:168)
	at Silly.equals(Silly.java:168)
	at Silly.equals(Silly.java:168)
	at Silly.equals(Silly.java:168)
	at Silly.equals(Silly.java:168)
	at Silly.equals(Silly.java:168)
	at Silly.equals(Silly.java:168)
	at Silly.equals(Silly.java:168)
	at Silly.equals(Silly.java:168)
	at Silly.equals(Silly.java:168)
	at Silly.equals(Silly.java:168)
	at Silly.equals(Silly.java:168)
	at Silly.equals(Silly.java:168)
	at Silly.equals(Silly.java:168)
	at Silly.equals(Silly.java:168)
	at Silly.equals(Silly.java:168)
	at Silly.equals(Silly.java:168)
	at Silly.equals(Silly.java:168)
	at Silly.equals(Silly.java:168)
	at Silly.equals(Silly.java:168)
	at Silly.equals(Silly.java:168)
	at Silly.equals(Silly.java:168)
	at Silly.equals(Silly.java:168)
	at Silly.equals(Silly.java:168)
	at Silly.equals(Silly.java:168)
	at Silly.equals(Silly.java:168)
	at Silly.equals(Silly.java:168)
	at Silly.equals(Silly.java:168)
	at Silly.equals(Silly.java:168)
	at Silly.equals(Silly.java:168)
	at Silly.equals(Silly.java:168)
	at Silly.equals(Silly.java:168)
	at Silly.equals(Silly.java:168)
	at Silly.equals(Silly.java:168)
	at Silly.equals(Silly.java:168)
	at Silly.equals(Silly.java:168)
	at Silly.equals(Silly.java:168)
	at Silly.equals(Silly.java:168)
	at Silly.equals(Silly.java:168)
	at Silly.equals(Silly.java:168)
	at Silly.equals(Silly.java:168)
	at Silly.equals(Silly.java:168)
	at Silly.equals(Silly.java:168)
	at Silly.equals(Silly.java:168)
	at Silly.equals(Silly.java:168)
	at Silly.equals(Silly.java:168)
	at Silly.equals(Silly.java:168)
	at Silly.equals(Silly.java:168)
	at Silly.equals(Silly.java:168)
	at Silly.equals(Silly.java:168)
	at Silly.equals(Silly.java:168)
	at Silly.equals(Silly.java:168)
	at Silly.equals(Silly.java:168)
	at Silly.equals(Silly.java:168)
	at Silly.equals(Silly.java:168)
	at Silly.equals(Silly.java:168)
	at Silly.equals(Silly.java:168)
	at Silly.equals(Silly.java:168)
	at Silly.equals(Silly.java:168)
	at Silly.equals(Silly.java:168)
	at Silly.equals(Silly.java:168)
	at Silly.equals(Silly.java:168)
	at Silly.equals(Silly.java:168)
	at Silly.equals(Silly.java:168)
	at Silly.equals(Silly.java:168)
	at Silly.equals(Silly.java:168)
	at Silly.equals(Silly.java:168)
	at Silly.equals(Silly.java:168)
	at Silly.equals(Silly.java:168)
	at Silly.equals(Silly.java:168)
	at Silly.equals(Silly.java:168)
	at Silly.equals(Silly.java:168)
	at Silly.equals(Silly.java:168)
	at Silly.equals(Silly.java:168)
	at Silly.equals(Silly.java:168)
	at Silly.equals(Silly.java:168)
	at Silly.equals(Silly.java:168)
	at Silly.equals(Silly.java:168)
	at Silly.equals(Silly.java:168)
	at Silly.equals(Silly.java:168)
	at Silly.equals(Silly.java:168)
	at Silly.equals(Silly.java:168)
	at Silly.equals(Silly.java:168)
	at Silly.equals(Silly.java:168)
	at Silly.equals(Silly.java:168)
	at Silly.equals(Silly.java:168)
	at Silly.equals(Silly.java:168)
	at Silly.equals(Silly.java:168)
	at Silly.equals(Silly.java:168)
	at Silly.equals(Silly.java:168)
	at Silly.equals(Silly.java:168)
	at Silly.equals(Silly.java:168)
	at Silly.equals(Silly.java:168)
	at Silly.equals(Silly.java:168)
	at Silly.equals(Silly.java:168)
	at Silly.equals(Silly.java:168)
	at Silly.equals(Silly.java:168)
	at Silly.equals(Silly.java:168)
	at Silly.equals(Silly.java:168)
	at Silly.equals(Silly.java:168)
	at Silly.equals(Silly.java:168)
	at Silly.equals(Silly.java:168)
	at Silly.equals(Silly.java:168)
	at Silly.equals(Silly.java:168)
	at Silly.equals(Silly.java:168)
	at Silly.equals(Silly.java:168)
	at Silly.equals(Silly.java:168)
	at Silly.equals(Silly.java:168)
	at Silly.equals(Silly.java:168)
	at Silly.equals(Silly.java:168)
	at Silly.equals(Silly.java:168)
	at Silly.equals(Silly.java:168)
	at Silly.equals(Silly.java:168)
	at Silly.equals(Silly.java:168)
	at Silly.equals(Silly.java:168)
	at Silly.equals(Silly.java:168)
	at Silly.equals(Silly.java:168)
	at Silly.equals(Silly.java:168)
	at Silly.equals(Silly.java:168)
	at Silly.equals(Silly.java:168)
	at Silly.equals(Silly.java:168)
	at Silly.equals(Silly.java:168)
	at Silly.equals(Silly.java:168)
	at Silly.equals(Silly.java:168)
	at Silly.equals(Silly.java:168)
	at Silly.equals(Silly.java:168)
	at Silly.equals(Silly.java:168)
	at Silly.equals(Silly.java:168)
	at Silly.equals(Silly.java:168)
	at Silly.equals(Silly.java:168)
	at Silly.equals(Silly.java:168)
	at Silly.equals(Silly.java:168)
	at Silly.equals(Silly.java:168)
	at Silly.equals(Silly.java:168)
	at Silly.equals(Silly.java:168)
	at Silly.equals(Silly.java:168)
	at Silly.equals(Silly.java:168)
	at Silly.equals(Silly.java:168)
	at Silly.equals(Silly.java:168)
	at Silly.equals(Silly.java:168)
	at Silly.equals(Silly.java:168)
	at Silly.equals(Silly.java:168)
	at Silly.equals(Silly.java:168)
	at Silly.equals(Silly.java:168)
	at Silly.equals(Silly.java:168)
	at Silly.equals(Silly.java:168)
	at Silly.equals(Silly.java:168)
	at Silly.equals(Silly.java:168)
	at Silly.equals(Silly.java:168)
	at Silly.equals(Silly.java:168)
	at Silly.equals(Silly.java:168)
	at Silly.equals(Silly.java:168)
	at Silly.equals(Silly.java:168)
	at Silly.equals(Silly.java:168)
	at Silly.equals(Silly.java:168)
	at Silly.equals(Silly.java:168)
	at Silly.equals(Silly.java:168)
	at Silly.equals(Silly.java:168)
	at Silly.equals(Silly.java:168)
	at Silly.equals(Silly.java:168)
	at Silly.equals(Silly.java:168)
	at Silly.equals(Silly.java:168)
	at Silly.equals(Silly.java:168)
	at Silly.equals(Silly.java:168)
	at Silly.equals(Silly.java:168)
	at Silly.equals(Silly.java:168)
	at Silly.equals(Silly.java:168)
	at Silly.equals(Silly.java:168)
	at Silly.equals(Silly.java:168)
	at Silly.equals(Silly.java:168)
	at Silly.equals(Silly.java:168)
	at Silly.equals(Silly.java:168)
	at Silly.equals(Silly.java:168)
	at Silly.equals(Silly.java:168)
	at Silly.equals(Silly.java:168)
	at Silly.equals(Silly.java:168)
	at Silly.equals(Silly.java:168)
	at Silly.equals(Silly.java:168)
	at Silly.equals(Silly.java:168)
	at Silly.equals(Silly.java:168)
	at Silly.equals(Silly.java:168)
	at Silly.equals(Silly.java:168)
	at Silly.equals(Silly.java:168)
	at Silly.equals(Silly.java:168)
	at Silly.equals(Silly.java:168)
	at Silly.equals(Silly.java:168)
	at Silly.equals(Silly.java:168)
	at Silly.equals(Silly.java:168)
	at Silly.equals(Silly.java:168)
	at Silly.equals(Silly.java:168)
	at Silly.equals(Silly.java:168)
	at Silly.equals(Silly.java:168)
	at Silly.equals(Silly.java:168)
	at Silly.equals(Silly.java:168)
	at Silly.equals(Silly.java:168)
	at Silly.equals(Silly.java:168)
	at Silly.equals(Silly.java:168)
	at Silly.equals(Silly.java:168)
	at Silly.equals(Silly.java:168)
	at Silly.equals(Silly.java:168)
	at Silly.equals(Silly.java:168)
	at Silly.equals(Silly.java:168)
	at Silly.equals(Silly.java:168)
	at Silly.equals(Silly.java:168)
	at Silly.equals(Silly.java:168)
	at Silly.equals(Silly.java:168)
	at Silly.equals(Silly.java:168)
	at Silly.equals(Silly.java:168)
	at Silly.equals(Silly.java:168)
	at Silly.equals(Silly.java:168)
	at Silly.equals(Silly.java:168)
	at Silly.equals(Silly.java:168)
	at Silly.equals(Silly.java:168)
	at Silly.equals(Silly.java:168)
	at Silly.equals(Silly.java:168)
	at Silly.equals(Silly.java:168)
	at Silly.equals(Silly.java:168)
	at Silly.equals(Silly.java:168)
	at Silly.equals(Silly.java:168)
	at Silly.equals(Silly.java:168)
	at Silly.equals(Silly.java:168)
	at Silly.equals(Silly.java:168)
	at Silly.equals(Silly.java:168)
	at Silly.equals(Silly.java:168)
	at Silly.equals(Silly.java:168)
	at Silly.equals(Silly.java:168)
	at Silly.equals(Silly.java:168)
	at Silly.equals(Silly.java:168)
	at Silly.equals(Silly.java:168)
	at Silly.equals(Silly.java:168)
	at Silly.equals(Silly.java:168)
	at Silly.equals(Silly.java:168)
	at Silly.equals(Silly.java:168)
	at Silly.equals(Silly.java:168)
	at Silly.equals(Silly.java:168)
	at Silly.equals(Silly.java:168)
	at Silly.equals(Silly.java:168)
	at Silly.equals(Silly.java:168)
	at Silly.equals(Silly.java:168)
	at Silly.equals(Silly.java:168)
	at Silly.equals(Silly.java:168)
	at Silly.equals(Silly.java:168)
	at Silly.equals(Silly.java:168)
	at Silly.equals(Silly.java:168)
	at Silly.equals(Silly.java:168)
	at Silly.equals(Silly.java:168)
	at Silly.equals(Silly.java:168)
	at Silly.equals(Silly.java:168)
	at Silly.equals(Silly.java:168)
	at Silly.equals(Silly.java:168)
	at Silly.equals(Silly.java:168)
	at Silly.equals(Silly.java:168)
	at Silly.equals(Silly.java:168)
	at Silly.equals(Silly.java:168)
	at Silly.equals(Silly.java:168)
	at Silly.equals(Silly.java:168)
	at Silly.equals(Silly.java:168)
	at Silly.equals(Silly.java:168)
	at Silly.equals(Silly.java:168)
	at Silly.equals(Silly.java:168)
	at Silly.equals(Silly.java:168)
	at Silly.equals(Silly.java:168)
	at Silly.equals(Silly.java:168)
	at Silly.equals(Silly.java:168)
	at Silly.equals(Silly.java:168)
	at Silly.equals(Silly.java:168)
	at Silly.equals(Silly.java:168)
	at Silly.equals(Silly.java:168)
	at Silly.equals(Silly.java:168)
	at Silly.equals(Silly.java:168)
	at Silly.equals(Silly.java:168)
	at Silly.equals(Silly.java:168)
	at Silly.equals(Silly.java:168)
	at Silly.equals(Silly.java:168)
	at Silly.equals(Silly.java:168)
	at Silly.equals(Silly.java:168)
	at Silly.equals(Silly.java:168)
	at Silly.equals(Silly.java:168)
	at Silly.equals(Silly.java:168)
	at Silly.equals(Silly.java:168)
	at Silly.equals(Silly.java:168)
	at Silly.equals(Silly.java:168)
	at Silly.equals(Silly.java:168)
	at Silly.equals(Silly.java:168)
	at Silly.equals(Silly.java:168)
	at Silly.equals(Silly.java:168)
	at Silly.equals(Silly.java:168)
	at Silly.equals(Silly.java:168)
	at Silly.equals(Silly.java:168)
	at Silly.equals(Silly.java:168)
	at Silly.equals(Silly.java:168)
	at Silly.equals(Silly.java:168)
	at Silly.equals(Silly.java:168)
	at Silly.equals(Silly.java:168)
	at Silly.equals(Silly.java:168)
	at Silly.equals(Silly.java:168)
	at Silly.equals(Silly.java:168)
	at Silly.equals(Silly.java:168)
	at Silly.equals(Silly.java:168)
	at Silly.equals(Silly.java:168)
	at Silly.equals(Silly.java:168)
	at Silly.equals(Silly.java:168)
	at Silly.equals(Silly.java:168)
	at Silly.equals(Silly.java:168)
	at Silly.equals(Silly.java:168)
	at Silly.equals(Silly.java:168)
	at Silly.equals(Silly.java:168)
	at Silly.equals(Silly.java:168)
	at Silly.equals(Silly.java:168)
	at Silly.equals(Silly.java:168)
	at Silly.equals(Silly.java:168)
	at Silly.equals(Silly.java:168)
	at Silly.equals(Silly.java:168)
	at Silly.equals(Silly.java:168)
	at Silly.equals(Silly.java:168)
	at Silly.equals(Silly.java:168)
	at Silly.equals(Silly.java:168)
	at Silly.equals(Silly.java:168)
	at Silly.equals(Silly.java:168)
	at Silly.equals(Silly.java:168)
	at Silly.equals(Silly.java:168)
	at Silly.equals(Silly.java:168)
	at Silly.equals(Silly.java:168)
	at Silly.equals(Silly.java:168)
	at Silly.equals(Silly.java:168)
	at Silly.equals(Silly.java:168)
	at Silly.equals(Silly.java:168)
	at Silly.equals(Silly.java:168)
	at Silly.equals(Silly.java:168)
	at Silly.equals(Silly.java:168)
	at Silly.equals(Silly.java:168)
	at Silly.equals(Silly.java:168)
	at Silly.equals(Silly.java:168)
	at Silly.equals(Silly.java:168)
	at Silly.equals(Silly.java:168)
	at Silly.equals(Silly.java:168)
	at Silly.equals(Silly.java:168)
	at Silly.equals(Silly.java:168)
	at Silly.equals(Silly.java:168)
	at Silly.equals(Silly.java:168)
	at Silly.equals(Silly.java:168)
	at Silly.equals(Silly.java:168)
	at Silly.equals(Silly.java:168)
	at Silly.equals(Silly.java:168)
	at Silly.equals(Silly.java:168)
	at Silly.equals(Silly.java:168)
	at Silly.equals(Silly.java:168)
	at Silly.equals(Silly.java:168)
	at Silly.equals(Silly.java:168)
	at Silly.equals(Silly.java:168)
	at Silly.equals(Silly.java:168)
	at Silly.equals(Silly.java:168)
	at Silly.equals(Silly.java:168)
	at Silly.equals(Silly.java:168)
	at Silly.equals(Silly.java:168)
	at Silly.equals(Silly.java:168)
	at Silly.equals(Silly.java:168)
	at Silly.equals(Silly.java:168)
	at Silly.equals(Silly.java:168)
	at Silly.equals(Silly.java:168)
	at Silly.equals(Silly.java:168)
	at Silly.equals(Silly.java:168)
	at Silly.equals(Silly.java:168)
	at Silly.equals(Silly.java:168)
	at Silly.equals(Silly.java:168)
	at Silly.equals(Silly.java:168)
	at Silly.equals(Silly.java:168)
	at Silly.equals(Silly.java:168)
	at Silly.equals(Silly.java:168)
	at Silly.equals(Silly.java:168)
	at Silly.equals(Silly.java:168)
	at Silly.equals(Silly.java:168)
	at Silly.equals(Silly.java:168)
	at Silly.equals(Silly.java:168)
	at Silly.equals(Silly.java:168)
	at Silly.equals(Silly.java:168)
	at Silly.equals(Silly.java:168)
	at Silly.equals(Silly.java:168)
	at Silly.equals(Silly.java:168)
	at Silly.equals(Silly.java:168)
	at Silly.equals(Silly.java:168)
	at Silly.equals(Silly.java:168)
	at Silly.equals(Silly.java:168)
	at Silly.equals(Silly.java:168)
	at Silly.equals(Silly.java:168)
	at Silly.equals(Silly.java:168)
	at Silly.equals(Silly.java:168)
	at Silly.equals(Silly.java:168)
	at Silly.equals(Silly.java:168)
	at Silly.equals(Silly.java:168)
	at Silly.equals(Silly.java:168)
	at Silly.equals(Silly.java:168)
	at Silly.equals(Silly.java:168)
	at Silly.equals(Silly.java:168)
	at Silly.equals(Silly.java:168)
	at Silly.equals(Silly.java:168)
	at Silly.equals(Silly.java:168)
	at Silly.equals(Silly.java:168)
	at Silly.equals(Silly.java:168)
	at Silly.equals(Silly.java:168)
	at Silly.equals(Silly.java:168)
	at Silly.equals(Silly.java:168)
	at Silly.equals(Silly.java:168)
	at Silly.equals(Silly.java:168)
	at Silly.equals(Silly.java:168)
	at Silly.equals(Silly.java:168)
	at Silly.equals(Silly.java:168)
	at Silly.equals(Silly.java:168)
	at Silly.equals(Silly.java:168)
	at Silly.equals(Silly.java:168)
	at Silly.equals(Silly.java:168)
	at Silly.equals(Silly.java:168)
	at Silly.equals(Silly.java:168)
	at Silly.equals(Silly.java:168)
	at Silly.equals(Silly.java:168)
	at Silly.equals(Silly.java:168)
	at Silly.equals(Silly.java:168)
	at Silly.equals(Silly.java:168)
	at Silly.equals(Silly.java:168)
	at Silly.equals(Silly.java:168)
	at Silly.equals(Silly.java:168)
	at Silly.equals(Silly.java:168)
	at Silly.equals(Silly.java:168)
	at Silly.equals(Silly.java:168)
	at Silly.equals(Silly.java:168)
	at Silly.equals(Silly.java:168)
	at Silly.equals(Silly.java:168)
	at Silly.equals(Silly.java:168)
	at Silly.equals(Silly.java:168)
	at Silly.equals(Silly.java:168)
	at Silly.equals(Silly.java:168)
	at Silly.equals(Silly.java:168)
	at Silly.equals(Silly.java:168)
	at Silly.equals(Silly.java:168)
	at Silly.equals(Silly.java:168)
	at Silly.equals(Silly.java:168)
	at Silly.equals(Silly.java:168)
	at Silly.equals(Silly.java:168)
	at Silly.equals(Silly.java:168)
	at Silly.equals(Silly.java:168)
	at Silly.equals(Silly.java:168)
	at Silly.equals(Silly.java:168)
	at Silly.equals(Silly.java:168)
	at Silly.equals(Silly.java:168)
	at Silly.equals(Silly.java:168)
	at Silly.equals(Silly.java:168)
	at Silly.equals(Silly.java:168)
	at Silly.equals(Silly.java:168)
	at Silly.equals(Silly.java:168)
	at Silly.equals(Silly.java:168)
	at Silly.equals(Silly.java:168)
	at Silly.equals(Silly.java:168)
	at Silly.equals(Silly.java:168)
	at Silly.equals(Silly.java:168)
	at Silly.equals(Silly.java:168)
	at Silly.equals(Silly.java:168)
	at Silly.equals(Silly.java:168)
	at Silly.equals(Silly.java:168)
	at Silly.equals(Silly.java:168)
	at Silly.equals(Silly.java:168)
	at Silly.equals(Silly.java:168)
	at Silly.equals(Silly.java:168)
	at Silly.equals(Silly.java:168)
	at Silly.equals(Silly.java:168)
	at Silly.equals(Silly.java:168)
	at Silly.equals(Silly.java:168)
	at Silly.equals(Silly.java:168)
	at Silly.equals(Silly.java:168)
	at Silly.equals(Silly.java:168)
	at Silly.equals(Silly.java:168)
	at Silly.equals(Silly.java:168)
	at Silly.equals(Silly.java:168)
	at Silly.equals(Silly.java:168)
	at Silly.equals(Silly.java:168)
	at Silly.equals(Silly.java:168)
	at Silly.equals(Silly.java:168)
	at Silly.equals(Silly.java:168)
	at Silly.equals(Silly.java:168)
	at Silly.equals(Silly.java:168)
	at Silly.equals(Silly.java:168)
	at Silly.equals(Silly.java:168)
	at Silly.equals(Silly.java:168)
	at Silly.equals(Silly.java:168)
	at Silly.equals(Silly.java:168)
	at Silly.equals(Silly.java:168)
	at Silly.equals(Silly.java:168)
	at Silly.equals(Silly.java:168)
	at Silly.equals(Silly.java:168)
	at Silly.equals(Silly.java:168)
	at Silly.equals(Silly.java:168)
	at Silly.equals(Silly.java:168)
	at Silly.equals(Silly.java:168)
	at Silly.equals(Silly.java:168)
	at Silly.equals(Silly.java:168)
	at Silly.equals(Silly.java:168)
	at Silly.equals(Silly.java:168)
	at Silly.equals(Silly.java:168)
	at Silly.equals(Silly.java:168)
	at Silly.equals(Silly.java:168)
	at Silly.equals(Silly.java:168)
	at Silly.equals(Silly.java:168)
	at Silly.equals(Silly.java:168)
	at Silly.equals(Silly.java:168)
	at Silly.equals(Silly.java:168)
	at Silly.equals(Silly.java:168)
	at Silly.equals(Silly.java:168)
	at Silly.equals(Silly.java:168)
	at Silly.equals(Silly.java:168)
	at Silly.equals(Silly.java:168)
	at Silly.equals(Silly.java:168)
	at Silly.equals(Silly.java:168)
	at Silly.equals(Silly.java:168)
	at Silly.equals(Silly.java:168)
	at Silly.equals(Silly.java:168)
	at Silly.equals(Silly.java:168)
	at Silly.equals(Silly.java:168)
	at Silly.equals(Silly.java:168)
	at Silly.equals(Silly.java:168)
	at Silly.equals(Silly.java:168)
	at Silly.equals(Silly.java:168)
	at Silly.equals(Silly.java:168)
	at Silly.equals(Silly.java:168)
	at Silly.equals(Silly.java:168)
	at Silly.equals(Silly.java:168)
	at Silly.equals(Silly.java:168)
	at Silly.equals(Silly.java:168)
	at Silly.equals(Silly.java:168)
	at Silly.equals(Silly.java:168)
	at Silly.equals(Silly.java:168)
	at Silly.equals(Silly.java:168)
	at Silly.equals(Silly.java:168)
	at Silly.equals(Silly.java:168)
	at Silly.equals(Silly.java:168)
	at Silly.equals(Silly.java:168)
	at Silly.equals(Silly.java:168)
	at Silly.equals(Silly.java:168)
	at Silly.equals(Silly.java:168)
	at Silly.equals(Silly.java:168)
	at Silly.equals(Silly.java:168)
	at Silly.equals(Silly.java:168)
	at Silly.equals(Silly.java:168)
	at Silly.equals(Silly.java:168)
	at Silly.equals(Silly.java:168)
	at Silly.equals(Silly.java:168)
	at Silly.equals(Silly.java:168)
	at Silly.equals(Silly.java:168)
	at Silly.equals(Silly.java:168)
	at Silly.equals(Silly.java:168)
	at Silly.equals(Silly.java:168)
	at Silly.equals(Silly.java:168)
	at Silly.equals(Silly.java:168)
	at Silly.equals(Silly.java:168)
	at Silly.equals(Silly.java:168)
	at Silly.equals(Silly.java:168)
	at Silly.equals(Silly.java:168)
	at Silly.equals(Silly.java:168)
	at Silly.equals(Silly.java:168)
	at Silly.equals(Silly.java:168)
	at Silly.equals(Silly.java:168)
	at Silly.equals(Silly.java:168)
	at Silly.equals(Silly.java:168)
	at Silly.equals(Silly.java:168)
	at Silly.equals(Silly.java:168)
	at Silly.equals(Silly.java:168)
	at Silly.equals(Silly.java:168)
	at Silly.equals(Silly.java:168)
	at Silly.equals(Silly.java:168)
	at Silly.equals(Silly.java:168)
	at Silly.equals(Silly.java:168)
	at Silly.equals(Silly.java:168)
	at Silly.equals(Silly.java:168)
	at Silly.equals(Silly.java:168)
	at Silly.equals(Silly.java:168)
	at Silly.equals(Silly.java:168)
	at Silly.equals(Silly.java:168)
	at Silly.equals(Silly.java:168)
	at Silly.equals(Silly.java:168)
	at Silly.equals(Silly.java:168)
	at Silly.equals(Silly.java:168)
	at Silly.equals(Silly.java:168)
	at Silly.equals(Silly.java:168)
	at Silly.equals(Silly.java:168)
	at Silly.equals(Silly.java:168)
	at Silly.equals(Silly.java:168)
	at Silly.equals(Silly.java:168)
	at Silly.equals(Silly.java:168)
	at Silly.equals(Silly.java:168)
	at Silly.equals(Silly.java:168)
	at Silly.equals(Silly.java:168)
	at Silly.equals(Silly.java:168)
	at Silly.equals(Silly.java:168)
	at Silly.equals(Silly.java:168)
	at Silly.equals(Silly.java:168)
	at Silly.equals(Silly.java:168)
	at Silly.equals(Silly.java:168)
	at Silly.equals(Silly.java:168)
	at Silly.equals(Silly.java:168)
	at Silly.equals(Silly.java:168)
	at Silly.equals(Silly.java:168)
	at Silly.equals(Silly.java:168)
	at Silly.equals(Silly.java:168)
	at Silly.equals(Silly.java:168)
	at Silly.equals(Silly.java:168)
	at Silly.equals(Silly.java:168)
	at Silly.equals(Silly.java:168)
	at Silly.equals(Silly.java:168)
	at Silly.equals(Silly.java:168)
	at Silly.equals(Silly.java:168)
	at Silly.equals(Silly.java:168)
	at Silly.equals(Silly.java:168)
	at Silly.equals(Silly.java:168)
	at Silly.equals(Silly.java:168)
	at Silly.equals(Silly.java:168)
	at Silly.equals(Silly.java:168)
	at Silly.equals(Silly.java:168)
	at Silly.equals(Silly.java:168)
	at Silly.equals(Silly.java:168)
	at Silly.equals(Silly.java:168)
	at Silly.equals(Silly.java:168)
	at Silly.equals(Silly.java:168)
	at Silly.equals(Silly.java:168)
	at Silly.equals(Silly.java:168)
	at Silly.equals(Silly.java:168)
	at Silly.equals(Silly.java:168)
	at Silly.equals(Silly.java:168)
	at Silly.equals(Silly.java:168)
	at Silly.equals(Silly.java:168)
	at Silly.equals(Silly.java:168)
	at Silly.equals(Silly.java:168)
	at Silly.equals(Silly.java:168)
	at Silly.equals(Silly.java:168)
	at Silly.equals(Silly.java:168)
	at Silly.equals(Silly.java:168)
	at Silly.equals(Silly.java:168)
	at Silly.equals(Silly.java:168)
	at Silly.equals(Silly.java:168)
	at Silly.equals(Silly.java:168)
	at Silly.equals(Silly.java:168)
	at Silly.equals(Silly.java:168)
	at Silly.equals(Silly.java:168)
	at Silly.equals(Silly.java:168)
	at Silly.equals(Silly.java:168)
	at Silly.equals(Silly.java:168)
	at Silly.equals(Silly.java:168)
	at Silly.equals(Silly.java:168)
	at Silly.equals(Silly.java:168)
	at Silly.equals(Silly.java:168)
	at Silly.equals(Silly.java:168)
	at Silly.equals(Silly.java:168)
	at Silly.equals(Silly.java:168)
	at Silly.equals(Silly.java:168)
	at Silly.equals(Silly.java:168)
	at Silly.equals(Silly.java:168)
	at Silly.equals(Silly.java:168)
	at Silly.equals(Silly.java:168)
	at Silly.equals(Silly.java:168)
	at Silly.equals(Silly.java:168)
	at Silly.equals(Silly.java:168)
	at Silly.equals(Silly.java:168)
	at Silly.equals(Silly.java:168)
	at Silly.equals(Silly.java:168)
	at Silly.equals(Silly.java:168)
	at Silly.equals(Silly.java:168)
	at Silly.equals(Silly.java:168)
	at Silly.equals(Silly.java:168)
	at Silly.equals(Silly.java:168)
	at Silly.equals(Silly.java:168)
</failure>
  </testcase>
  <testcase name="testTask5" classname="SillyTest" time="0.0"/>
  <system-out><![CDATA[]]></system-out>
  <system-err><![CDATA[]]></system-err>
</testsuite>
